<?xml version="1.0" encoding="UTF-8"?>
<!DOCTYPE html PUBLIC "-//W3C//DTD XHTML 1.0 Strict//EN" "http://www.w3.org/TR/xhtml1/DTD/xhtml1-strict.dtd">
<html xmlns="http://www.w3.org/1999/xhtml">
<head>
    <title>费控云自动化测试</title>
    <meta name="generator" content="HTMLTestRunner 0.9.1"/>
    <meta http-equiv="Content-Type" content="text/html; charset=UTF-8"/>
    
    <link href="http://cdn.bootcss.com/bootstrap/3.3.0/css/bootstrap.min.css" rel="stylesheet">
    <script src="https://cdn.bootcss.com/echarts/3.8.5/echarts.common.min.js"></script>
    <!-- <script type="text/javascript" src="js/echarts.common.min.js"></script> -->
    
    
<style type="text/css" media="screen">
    body        { font-family: Microsoft YaHei,Consolas,arial,sans-serif; font-size: 80%; }
    table       { font-size: 100%; }
    pre         { white-space: pre-wrap;word-wrap: break-word; }

    /* -- heading ---------------------------------------------------------------------- */
    h1 {
        font-size: 28pt;
        color: black;
        font-family: Microsoft YaHei;
    }
    .heading {
        margin-top: 0ex;
        margin-bottom: 1ex;
    }

    .heading .attribute {
        margin-top: 1ex;
        margin-bottom: 0;
    }

    .heading .description {
        margin-top: 2ex;
        margin-bottom: 3ex;
    }

    /* -- css div popup ------------------------------------------------------------------------ */
    a.popup_link {
    }

    a.popup_link:hover {
        color: red;
    }

    .popup_window {
        display: none;
        position: relative;
        left: 0px;
        top: 0px;
        /*border: solid #627173 1px; */
        padding: 10px;
        /*background-color: #E6E6D6; */
        font-family: "Lucida Console", "Courier New", Courier, monospace;
        text-align: left;
        font-size: 8pt;
        /* width: 500px;*/
    }

    }
    /* -- report ------------------------------------------------------------------------ */
    #show_detail_line {
        margin-top: 3ex;
        margin-bottom: 1ex;
    }
    #result_table {
        width: 99%;
    }
    #header_row {
        font-weight: bold;
        color: #303641;
        background-color: #ebebeb;
    }
    #total_row  { font-weight: bold; }
    .passClass  { background-color: #bdedbc; }
    .failClass  { background-color: #ffefa4; }
    .errorClass { background-color: #ffc9c9; }
    .passCase   { color: #6c6; }
    .failCase   { color: #FF6600; font-weight: bold; }
    .errorCase  { color: #c00; font-weight: bold; }
    .hiddenRow  { display: none; }
    .testcase   { margin-left: 2em; }


    /* -- ending ---------------------------------------------------------------------- */
    #ending {
    }

    #div_base {
                position:absolute;
                top:0%;
                left:5%;
                right:5%;
                width: auto;
                height: auto;
                margin: -15px 0 0 0;
    }
</style>

    
</head>
<body>
    <script language="javascript" type="text/javascript"><!--
    output_list = Array();

    /* level - 0:Summary; 1:Failed; 2:All */
    function showCase(level) {
        trs = document.getElementsByTagName("tr");
        for (var i = 0; i < trs.length; i++) {
            tr = trs[i];
            id = tr.id;
            if (id.substr(0,2) == 'ft') {
                if (level < 1) {
                    tr.className = 'hiddenRow';
                }
                else {
                    tr.className = '';
                }
            }
            if (id.substr(0,2) == 'pt') {
                if (level > 1) {
                    tr.className = '';
                }
                else {
                    tr.className = 'hiddenRow';
                }
            }
        }
    }


    function showClassDetail(cid, count) {
        var id_list = Array(count);
        var toHide = 1;
        for (var i = 0; i < count; i++) {
            tid0 = 't' + cid.substr(1) + '.' + (i+1);
            tid = 'f' + tid0;
            tr = document.getElementById(tid);
            if (!tr) {
                tid = 'p' + tid0;
                tr = document.getElementById(tid);
            }
            id_list[i] = tid;
            if (tr.className) {
                toHide = 0;
            }
        }
        for (var i = 0; i < count; i++) {
            tid = id_list[i];
            if (toHide) {
                document.getElementById('div_'+tid).style.display = 'none'
                document.getElementById(tid).className = 'hiddenRow';
            }
            else {
                document.getElementById(tid).className = '';
            }
        }
    }


    function showTestDetail(div_id){
        var details_div = document.getElementById(div_id)
        var displayState = details_div.style.display
        // alert(displayState)
        if (displayState != 'block' ) {
            displayState = 'block'
            details_div.style.display = 'block'
        }
        else {
            details_div.style.display = 'none'
        }
    }


    function html_escape(s) {
        s = s.replace(/&/g,'&amp;');
        s = s.replace(/</g,'&lt;');
        s = s.replace(/>/g,'&gt;');
        return s;
    }

    /* obsoleted by detail in <div>
    function showOutput(id, name) {
        var w = window.open("", //url
                        name,
                        "resizable,scrollbars,status,width=800,height=450");
        d = w.document;
        d.write("<pre>");
        d.write(html_escape(output_list[id]));
        d.write("\n");
        d.write("<a href='javascript:window.close()'>close</a>\n");
        d.write("</pre>\n");
        d.close();
    }
    */
    --></script>

    <div id="div_base">
        
    <div class='page-header'>
        <h1>费控云自动化测试</h1>
    <p class='attribute'><strong>开始时间:</strong> 2019-06-26 18:07:50</p>
<p class='attribute'><strong>运行时长:</strong> 0:41:25.510175</p>
<p class='attribute'><strong>状态:</strong> 通过 95 失败 3 错误 35</p>

    </div>
    <div style="float: left;width:50%;"><p class='description'>用例测试情况</p></div>
    <div id="chart" style="width:50%;height:400px;float:left;"></div>

        
    <div class="btn-group btn-group-sm">
        <button class="btn btn-default" onclick='javascript:showCase(0)'>总结</button>
        <button class="btn btn-default" onclick='javascript:showCase(1)'>失败</button>
        <button class="btn btn-default" onclick='javascript:showCase(2)'>全部</button>
    </div>
    <p></p>
    <table id='result_table' class="table table-bordered">
        <colgroup>
            <col align='left' />
            <col align='right' />
            <col align='right' />
            <col align='right' />
            <col align='right' />
            <col align='right' />
        </colgroup>
        <tr id='header_row'>
            <td>测试套件/测试用例</td>
            <td>总数</td>
            <td>通过</td>
            <td>失败</td>
            <td>错误</td>
            <td>查看</td>
        </tr>
        
    <tr class='passClass'>
        <td>fky_testsuits.test01_home_page.Homepage</td>
        <td>2</td>
        <td>2</td>
        <td>0</td>
        <td>0</td>
        <td><a href="javascript:showClassDetail('c1',2)">详情</a></td>
    </tr>

<tr id='pt1.1' class='hiddenRow'>
    <td class='none'><div class='testcase'>test1_into_notice</div></td>
    <td colspan='5' align='center'>通过</td>
</tr>

<tr id='pt1.2' class='hiddenRow'>
    <td class='none'><div class='testcase'>test2_into_report</div></td>
    <td colspan='5' align='center'>通过</td>
</tr>

    <tr class='passClass'>
        <td>fky_testsuits.test02_announcement.Announce</td>
        <td>4</td>
        <td>4</td>
        <td>0</td>
        <td>0</td>
        <td><a href="javascript:showClassDetail('c2',4)">详情</a></td>
    </tr>

<tr id='pt2.1' class='hiddenRow'>
    <td class='none'><div class='testcase'>test1_add_notice</div></td>
    <td colspan='5' align='center'>通过</td>
</tr>

<tr id='pt2.2' class='hiddenRow'>
    <td class='none'><div class='testcase'>test2_query_notice</div></td>
    <td colspan='5' align='center'>通过</td>
</tr>

<tr id='pt2.3' class='hiddenRow'>
    <td class='none'><div class='testcase'>test3_save_notice</div></td>
    <td colspan='5' align='center'>通过</td>
</tr>

<tr id='pt2.4' class='hiddenRow'>
    <td class='none'><div class='testcase'>test4_change_notice</div></td>
    <td colspan='5' align='center'>通过</td>
</tr>

    <tr class='passClass'>
        <td>fky_testsuits.test03_report.Report</td>
        <td>4</td>
        <td>4</td>
        <td>0</td>
        <td>0</td>
        <td><a href="javascript:showClassDetail('c3',4)">详情</a></td>
    </tr>

<tr id='pt3.1' class='hiddenRow'>
    <td class='none'><div class='testcase'>test1_add_dayreport</div></td>
    <td colspan='5' align='center'>通过</td>
</tr>

<tr id='pt3.2' class='hiddenRow'>
    <td class='none'><div class='testcase'>test2_save_dayreport</div></td>
    <td colspan='5' align='center'>通过</td>
</tr>

<tr id='pt3.3' class='hiddenRow'>
    <td class='none'><div class='testcase'>test3_edit_dayreport</div></td>
    <td colspan='5' align='center'>通过</td>
</tr>

<tr id='pt3.4' class='hiddenRow'>
    <td class='none'><div class='testcase'>test4_export_report</div></td>
    <td colspan='5' align='center'>通过</td>
</tr>

    <tr class='passClass'>
        <td>fky_testsuits.test04_switch_company.Switchcompany</td>
        <td>5</td>
        <td>5</td>
        <td>0</td>
        <td>0</td>
        <td><a href="javascript:showClassDetail('c4',5)">详情</a></td>
    </tr>

<tr id='pt4.1' class='hiddenRow'>
    <td class='none'><div class='testcase'>test1_switch_company</div></td>
    <td colspan='5' align='center'>通过</td>
</tr>

<tr id='pt4.2' class='hiddenRow'>
    <td class='none'><div class='testcase'>test2_switch_company</div></td>
    <td colspan='5' align='center'>通过</td>
</tr>

<tr id='pt4.3' class='hiddenRow'>
    <td class='none'><div class='testcase'>test3_create_company</div></td>
    <td colspan='5' align='center'>通过</td>
</tr>

<tr id='pt4.4' class='hiddenRow'>
    <td class='none'><div class='testcase'>test4_query_companylist</div></td>
    <td colspan='5' align='center'>通过</td>
</tr>

<tr id='pt4.5' class='hiddenRow'>
    <td class='none'><div class='testcase'>test5_export_comp</div></td>
    <td colspan='5' align='center'>通过</td>
</tr>

    <tr class='errorClass'>
        <td>fky_testsuits.test05_staff_manage.StaffManage</td>
        <td>11</td>
        <td>10</td>
        <td>0</td>
        <td>1</td>
        <td><a href="javascript:showClassDetail('c5',11)">详情</a></td>
    </tr>

<tr id='pt5.1' class='hiddenRow'>
    <td class='none'><div class='testcase'>test01_query_staff</div></td>
    <td colspan='5' align='center'>通过</td>
</tr>

<tr id='pt5.2' class='hiddenRow'>
    <td class='none'><div class='testcase'>test02_add_bitian</div></td>
    <td colspan='5' align='center'>通过</td>
</tr>

<tr id='pt5.3' class='hiddenRow'>
    <td class='none'><div class='testcase'>test03_staff_add</div></td>
    <td colspan='5' align='center'>通过</td>
</tr>

<tr id='pt5.4' class='hiddenRow'>
    <td class='none'><div class='testcase'>test04_state</div></td>
    <td colspan='5' align='center'>通过</td>
</tr>

<tr id='pt5.5' class='hiddenRow'>
    <td class='none'><div class='testcase'>test05_yinhangzhanghu_name</div></td>
    <td colspan='5' align='center'>通过</td>
</tr>

<tr id='pt5.6' class='hiddenRow'>
    <td class='none'><div class='testcase'>test06_yinhangzhanghu_int</div></td>
    <td colspan='5' align='center'>通过</td>
</tr>

<tr id='pt5.7' class='hiddenRow'>
    <td class='none'><div class='testcase'>test07_yinhangzhanghu</div></td>
    <td colspan='5' align='center'>通过</td>
</tr>

<tr id='pt5.8' class='hiddenRow'>
    <td class='none'><div class='testcase'>test08_yinhangzhanghu_add</div></td>
    <td colspan='5' align='center'>通过</td>
</tr>

<tr id='pt5.9' class='hiddenRow'>
    <td class='none'><div class='testcase'>test09_yinhangzhanghu_del</div></td>
    <td colspan='5' align='center'>通过</td>
</tr>

<tr id='pt5.10' class='hiddenRow'>
    <td class='none'><div class='testcase'>test10_export_staff</div></td>
    <td colspan='5' align='center'>通过</td>
</tr>

<tr id='ft5.11' class='none'>
    <td class='errorCase'><div class='testcase'>test11_yaoqingyg</div></td>
    <td colspan='5' align='center'>

    <!--css div popup start-->
    <a class="popup_link" onfocus='this.blur();' href="javascript:showTestDetail('div_ft5.11')" >
        错误</a>

    <div id='div_ft5.11' class="popup_window">
        <pre>ft5.11: Traceback (most recent call last):
  File "W:\PycharmProjects\automation_fky\fky_testsuits\test05_staff_manage.py", line 205, in test11_yaoqingyg
    staff.click_zgyq()
  File "W:\PycharmProjects\automation_fky\fky_pageobjects\staffManagement.py", line 223, in click_zgyq
    self.clicked(self.zgyq)
  File "W:\PycharmProjects\automation_fky\framework\base_page.py", line 232, in clicked
    el.click()
  File "C:\Users\Kejie\AppData\Local\Programs\Python\Python37\lib\site-packages\selenium\webdriver\remote\webelement.py", line 80, in click
    self._execute(Command.CLICK_ELEMENT)
  File "C:\Users\Kejie\AppData\Local\Programs\Python\Python37\lib\site-packages\selenium\webdriver\remote\webelement.py", line 633, in _execute
    return self._parent.execute(command, params)
  File "C:\Users\Kejie\AppData\Local\Programs\Python\Python37\lib\site-packages\selenium\webdriver\remote\webdriver.py", line 321, in execute
    self.error_handler.check_response(response)
  File "C:\Users\Kejie\AppData\Local\Programs\Python\Python37\lib\site-packages\selenium\webdriver\remote\errorhandler.py", line 242, in check_response
    raise exception_class(message, screen, stacktrace)
selenium.common.exceptions.WebDriverException: Message: unknown error: Element &lt;button class="btn btn-primary w-sm mlr20" ng-click="tab.invite()"&gt;...&lt;/button&gt; is not clickable at point (622, 506). Other element would receive the click: &lt;div class="ecp-model-lg bg-ff ng-scope"&gt;...&lt;/div&gt;
  (Session info: chrome=74.0.3729.131)
  (Driver info: chromedriver=2.46.628402 (536cd7adbad73a3783fdc2cab92ab2ba7ec361e1),platform=Windows NT 10.0.17763 x86_64)

</pre>
    </div>
    <!--css div popup end-->

    </td>
</tr>

    <tr class='errorClass'>
        <td>unittest.suite._ErrorHolder</td>
        <td>4</td>
        <td>0</td>
        <td>0</td>
        <td>4</td>
        <td><a href="javascript:showClassDetail('c6',4)">详情</a></td>
    </tr>

<tr id='ft6.1' class='none'>
    <td class='errorCase'><div class='testcase'>RankPosition)</div></td>
    <td colspan='5' align='center'>

    <!--css div popup start-->
    <a class="popup_link" onfocus='this.blur();' href="javascript:showTestDetail('div_ft6.1')" >
        错误</a>

    <div id='div_ft6.1' class="popup_window">
        <pre>ft6.1: Traceback (most recent call last):
  File "W:\PycharmProjects\automation_fky\fky_testsuits\test06_rank_position.py", line 25, in setUpClass
    position.into_zhiji()
  File "W:\PycharmProjects\automation_fky\fky_pageobjects\rankPosition.py", line 24, in into_zhiji
    self.clicked(self.zhiji_text)
  File "W:\PycharmProjects\automation_fky\framework\base_page.py", line 229, in clicked
    el = self.find_element(selector)
  File "W:\PycharmProjects\automation_fky\framework\base_page.py", line 125, in find_element
    raise TimeoutException(time_out_error)
selenium.common.exceptions.TimeoutException: Message: 定位元素超时，请尝试其他定位方式

</pre>
    </div>
    <!--css div popup end-->

    </td>
</tr>

<tr id='ft6.2' class='none'>
    <td class='errorCase'><div class='testcase'>CurrencySet)</div></td>
    <td colspan='5' align='center'>

    <!--css div popup start-->
    <a class="popup_link" onfocus='this.blur();' href="javascript:showTestDetail('div_ft6.2')" >
        错误</a>

    <div id='div_ft6.2' class="popup_window">
        <pre>ft6.2: Traceback (most recent call last):
  File "W:\PycharmProjects\automation_fky\fky_testsuits\test09_currency_set.py", line 26, in setUpClass
    feecontrol.into_bizhong()
  File "W:\PycharmProjects\automation_fky\fky_pageobjects\feecontrolManagement.py", line 22, in into_bizhong
    self.clicked(self.bizhongshezhi)
  File "W:\PycharmProjects\automation_fky\framework\base_page.py", line 232, in clicked
    el.click()
  File "C:\Users\Kejie\AppData\Local\Programs\Python\Python37\lib\site-packages\selenium\webdriver\remote\webelement.py", line 80, in click
    self._execute(Command.CLICK_ELEMENT)
  File "C:\Users\Kejie\AppData\Local\Programs\Python\Python37\lib\site-packages\selenium\webdriver\remote\webelement.py", line 633, in _execute
    return self._parent.execute(command, params)
  File "C:\Users\Kejie\AppData\Local\Programs\Python\Python37\lib\site-packages\selenium\webdriver\remote\webdriver.py", line 321, in execute
    self.error_handler.check_response(response)
  File "C:\Users\Kejie\AppData\Local\Programs\Python\Python37\lib\site-packages\selenium\webdriver\remote\errorhandler.py", line 242, in check_response
    raise exception_class(message, screen, stacktrace)
selenium.common.exceptions.WebDriverException: Message: unknown error: Element &lt;li ng-click="tab.go('conf/currencyList')"&gt;...&lt;/li&gt; is not clickable at point (1038, 883). Other element would receive the click: &lt;div class="app-footer wrapper b-t bg-light"&gt;...&lt;/div&gt;
  (Session info: chrome=74.0.3729.131)
  (Driver info: chromedriver=2.46.628402 (536cd7adbad73a3783fdc2cab92ab2ba7ec361e1),platform=Windows NT 10.0.17763 x86_64)

</pre>
    </div>
    <!--css div popup end-->

    </td>
</tr>

<tr id='ft6.3' class='none'>
    <td class='errorCase'><div class='testcase'>InvoiceSensitiveW)</div></td>
    <td colspan='5' align='center'>

    <!--css div popup start-->
    <a class="popup_link" onfocus='this.blur();' href="javascript:showTestDetail('div_ft6.3')" >
        错误</a>

    <div id='div_ft6.3' class="popup_window">
        <pre>ft6.3: Traceback (most recent call last):
  File "W:\PycharmProjects\automation_fky\fky_testsuits\test13_invoice_sensitive_word.py", line 24, in setUpClass
    feecontrol.into_fapiaomgz()
  File "W:\PycharmProjects\automation_fky\fky_pageobjects\feecontrolManagement.py", line 225, in into_fapiaomgz
    self.clicked(self.fapiaomgz)
  File "W:\PycharmProjects\automation_fky\framework\base_page.py", line 229, in clicked
    el = self.find_element(selector)
  File "W:\PycharmProjects\automation_fky\framework\base_page.py", line 125, in find_element
    raise TimeoutException(time_out_error)
selenium.common.exceptions.TimeoutException: Message: 定位元素超时，请尝试其他定位方式

</pre>
    </div>
    <!--css div popup end-->

    </td>
</tr>

<tr id='ft6.4' class='none'>
    <td class='errorCase'><div class='testcase'>TaxExpenses)</div></td>
    <td colspan='5' align='center'>

    <!--css div popup start-->
    <a class="popup_link" onfocus='this.blur();' href="javascript:showTestDetail('div_ft6.4')" >
        错误</a>

    <div id='div_ft6.4' class="popup_window">
        <pre>ft6.4: Traceback (most recent call last):
  File "W:\PycharmProjects\automation_fky\fky_testsuits\test16_tax_expenses.py", line 23, in setUpClass
    feecontrol.into_lz_sqlzbz()
  File "W:\PycharmProjects\automation_fky\fky_pageobjects\feecontrolManagement.py", line 520, in into_lz_sqlzbz
    self.clicked(self.lz_sqlzbz)
  File "W:\PycharmProjects\automation_fky\framework\base_page.py", line 232, in clicked
    el.click()
  File "C:\Users\Kejie\AppData\Local\Programs\Python\Python37\lib\site-packages\selenium\webdriver\remote\webelement.py", line 80, in click
    self._execute(Command.CLICK_ELEMENT)
  File "C:\Users\Kejie\AppData\Local\Programs\Python\Python37\lib\site-packages\selenium\webdriver\remote\webelement.py", line 633, in _execute
    return self._parent.execute(command, params)
  File "C:\Users\Kejie\AppData\Local\Programs\Python\Python37\lib\site-packages\selenium\webdriver\remote\webdriver.py", line 321, in execute
    self.error_handler.check_response(response)
  File "C:\Users\Kejie\AppData\Local\Programs\Python\Python37\lib\site-packages\selenium\webdriver\remote\errorhandler.py", line 242, in check_response
    raise exception_class(message, screen, stacktrace)
selenium.common.exceptions.WebDriverException: Message: unknown error: Element &lt;li ng-click="tab.go('conf/preTaxStandards')"&gt;...&lt;/li&gt; is not clickable at point (1038, 883). Other element would receive the click: &lt;div class="app-footer wrapper b-t bg-light"&gt;...&lt;/div&gt;
  (Session info: chrome=74.0.3729.131)
  (Driver info: chromedriver=2.46.628402 (536cd7adbad73a3783fdc2cab92ab2ba7ec361e1),platform=Windows NT 10.0.17763 x86_64)

</pre>
    </div>
    <!--css div popup end-->

    </td>
</tr>

    <tr class='passClass'>
        <td>fky_testsuits.test07_company_information.CompanyInfo</td>
        <td>8</td>
        <td>8</td>
        <td>0</td>
        <td>0</td>
        <td><a href="javascript:showClassDetail('c7',8)">详情</a></td>
    </tr>

<tr id='pt7.1' class='hiddenRow'>
    <td class='none'><div class='testcase'>test1_modification</div></td>
    <td colspan='5' align='center'>通过</td>
</tr>

<tr id='pt7.2' class='hiddenRow'>
    <td class='none'><div class='testcase'>test2_billing_info</div></td>
    <td colspan='5' align='center'>通过</td>
</tr>

<tr id='pt7.3' class='hiddenRow'>
    <td class='none'><div class='testcase'>test3_verify_bitian</div></td>
    <td colspan='5' align='center'>通过</td>
</tr>

<tr id='pt7.4' class='hiddenRow'>
    <td class='none'><div class='testcase'>test4_verify_bank</div></td>
    <td colspan='5' align='center'>通过</td>
</tr>

<tr id='pt7.5' class='hiddenRow'>
    <td class='none'><div class='testcase'>test5_verify_jibenhu</div></td>
    <td colspan='5' align='center'>通过</td>
</tr>

<tr id='pt7.6' class='hiddenRow'>
    <td class='none'><div class='testcase'>test6_add_bank</div></td>
    <td colspan='5' align='center'>通过</td>
</tr>

<tr id='pt7.7' class='hiddenRow'>
    <td class='none'><div class='testcase'>test7_modification_bank</div></td>
    <td colspan='5' align='center'>通过</td>
</tr>

<tr id='pt7.8' class='hiddenRow'>
    <td class='none'><div class='testcase'>test8_del_bank</div></td>
    <td colspan='5' align='center'>通过</td>
</tr>

    <tr class='passClass'>
        <td>fky_testsuits.test08_department_info.DepartMentInfo</td>
        <td>5</td>
        <td>5</td>
        <td>0</td>
        <td>0</td>
        <td><a href="javascript:showClassDetail('c8',5)">详情</a></td>
    </tr>

<tr id='pt8.1' class='hiddenRow'>
    <td class='none'><div class='testcase'>test1_creat_bumen</div></td>
    <td colspan='5' align='center'>通过</td>
</tr>

<tr id='pt8.2' class='hiddenRow'>
    <td class='none'><div class='testcase'>test2_modifiy_bumen</div></td>
    <td colspan='5' align='center'>通过</td>
</tr>

<tr id='pt8.3' class='hiddenRow'>
    <td class='none'><div class='testcase'>test3_modifiy_batch</div></td>
    <td colspan='5' align='center'>通过</td>
</tr>

<tr id='pt8.4' class='hiddenRow'>
    <td class='none'><div class='testcase'>test4_export_bumen</div></td>
    <td colspan='5' align='center'>通过</td>
</tr>

<tr id='pt8.5' class='hiddenRow'>
    <td class='none'><div class='testcase'>test5_query_bumen</div></td>
    <td colspan='5' align='center'>通过</td>
</tr>

    <tr class='passClass'>
        <td>fky_testsuits.test11_cost_type.CostType</td>
        <td>6</td>
        <td>6</td>
        <td>0</td>
        <td>0</td>
        <td><a href="javascript:showClassDetail('c9',6)">详情</a></td>
    </tr>

<tr id='pt9.1' class='hiddenRow'>
    <td class='none'><div class='testcase'>test01_add_feiyongleixing</div></td>
    <td colspan='5' align='center'>通过</td>
</tr>

<tr id='pt9.2' class='hiddenRow'>
    <td class='none'><div class='testcase'>test02_modify_fyleixing</div></td>
    <td colspan='5' align='center'>通过</td>
</tr>

<tr id='pt9.3' class='hiddenRow'>
    <td class='none'><div class='testcase'>test03_jinyong_fyleixing</div></td>
    <td colspan='5' align='center'>通过</td>
</tr>

<tr id='pt9.4' class='hiddenRow'>
    <td class='none'><div class='testcase'>test04_qiyong_fyleixing</div></td>
    <td colspan='5' align='center'>通过</td>
</tr>

<tr id='pt9.5' class='hiddenRow'>
    <td class='none'><div class='testcase'>test05_export_fy</div></td>
    <td colspan='5' align='center'>通过</td>
</tr>

<tr id='pt9.6' class='hiddenRow'>
    <td class='none'><div class='testcase'>test06_import_fy</div></td>
    <td colspan='5' align='center'>通过</td>
</tr>

    <tr class='passClass'>
        <td>fky_testsuits.test12_auxiliary_items.AuxiliaryItems</td>
        <td>2</td>
        <td>2</td>
        <td>0</td>
        <td>0</td>
        <td><a href="javascript:showClassDetail('c10',2)">详情</a></td>
    </tr>

<tr id='pt10.1' class='hiddenRow'>
    <td class='none'><div class='testcase'>test1_into_auxiliary</div></td>
    <td colspan='5' align='center'>通过</td>
</tr>

<tr id='pt10.2' class='hiddenRow'>
    <td class='none'><div class='testcase'>test2_save_auxiliary</div></td>
    <td colspan='5' align='center'>通过</td>
</tr>

    <tr class='passClass'>
        <td>fky_testsuits.test14_reimbursement_propose.ReimburPropose</td>
        <td>6</td>
        <td>6</td>
        <td>0</td>
        <td>0</td>
        <td><a href="javascript:showClassDetail('c11',6)">详情</a></td>
    </tr>

<tr id='pt11.1' class='hiddenRow'>
    <td class='none'><div class='testcase'>test1_add_bxglsq</div></td>
    <td colspan='5' align='center'>通过</td>
</tr>

<tr id='pt11.2' class='hiddenRow'>
    <td class='none'><div class='testcase'>test2_add_bxglsq</div></td>
    <td colspan='5' align='center'>通过</td>
</tr>

<tr id='pt11.3' class='hiddenRow'>
    <td class='none'><div class='testcase'>test3_modify_bxglsq</div></td>
    <td colspan='5' align='center'>通过</td>
</tr>

<tr id='pt11.4' class='hiddenRow'>
    <td class='none'><div class='testcase'>test4_query_bxglsq</div></td>
    <td colspan='5' align='center'>通过</td>
</tr>

<tr id='pt11.5' class='hiddenRow'>
    <td class='none'><div class='testcase'>test5_del_bxglsq</div></td>
    <td colspan='5' align='center'>通过</td>
</tr>

<tr id='pt11.6' class='hiddenRow'>
    <td class='none'><div class='testcase'>test6_export_bxglsq</div></td>
    <td colspan='5' align='center'>通过</td>
</tr>

    <tr class='passClass'>
        <td>fky_testsuits.test15_invoice_type.InvoiceType</td>
        <td>7</td>
        <td>7</td>
        <td>0</td>
        <td>0</td>
        <td><a href="javascript:showClassDetail('c12',7)">详情</a></td>
    </tr>

<tr id='pt12.1' class='hiddenRow'>
    <td class='none'><div class='testcase'>test1_add_invoicetype</div></td>
    <td colspan='5' align='center'>通过</td>
</tr>

<tr id='pt12.2' class='hiddenRow'>
    <td class='none'><div class='testcase'>test2_add_invoicetype</div></td>
    <td colspan='5' align='center'>通过</td>
</tr>

<tr id='pt12.3' class='hiddenRow'>
    <td class='none'><div class='testcase'>test2_add_invoicetype2</div></td>
    <td colspan='5' align='center'>通过</td>
</tr>

<tr id='pt12.4' class='hiddenRow'>
    <td class='none'><div class='testcase'>test3_modify_invoicetype</div></td>
    <td colspan='5' align='center'>通过</td>
</tr>

<tr id='pt12.5' class='hiddenRow'>
    <td class='none'><div class='testcase'>test4_query_invoicetype</div></td>
    <td colspan='5' align='center'>通过</td>
</tr>

<tr id='pt12.6' class='hiddenRow'>
    <td class='none'><div class='testcase'>test5_del_invoicetype</div></td>
    <td colspan='5' align='center'>通过</td>
</tr>

<tr id='pt12.7' class='hiddenRow'>
    <td class='none'><div class='testcase'>test6_export_invoicetype</div></td>
    <td colspan='5' align='center'>通过</td>
</tr>

    <tr class='passClass'>
        <td>fky_testsuits.test17_reset_reimbursement.ResetReimbursement</td>
        <td>1</td>
        <td>1</td>
        <td>0</td>
        <td>0</td>
        <td><a href="javascript:showClassDetail('c13',1)">详情</a></td>
    </tr>

<tr id='pt13.1' class='hiddenRow'>
    <td class='none'><div class='testcase'>test1_into_sqlzbz</div></td>
    <td colspan='5' align='center'>通过</td>
</tr>

    <tr class='errorClass'>
        <td>fky_testsuits.test18_functional_allocation.ResetReimbursement</td>
        <td>6</td>
        <td>0</td>
        <td>1</td>
        <td>5</td>
        <td><a href="javascript:showClassDetail('c14',6)">详情</a></td>
    </tr>

<tr id='ft14.1' class='none'>
    <td class='failCase'><div class='testcase'>test1_add_functional</div></td>
    <td colspan='5' align='center'>

    <!--css div popup start-->
    <a class="popup_link" onfocus='this.blur();' href="javascript:showTestDetail('div_ft14.1')" >
        失败</a>

    <div id='div_ft14.1' class="popup_window">
        <pre>ft14.1: Traceback (most recent call last):
  File "W:\PycharmProjects\automation_fky\fky_testsuits\test18_functional_allocation.py", line 37, in test1_add_functional
    self.assertEqual("请添加预算关系维护行信息", function.get_tishi(),"验证部门预算功能配置必填项失败")
AssertionError: '请添加预算关系维护行信息' != '缺少预算指标年份'
- 请添加预算关系维护行信息
+ 缺少预算指标年份
 : 验证部门预算功能配置必填项失败

During handling of the above exception, another exception occurred:

Traceback (most recent call last):
  File "W:\PycharmProjects\automation_fky\fky_testsuits\test18_functional_allocation.py", line 42, in test1_add_functional
    raise AssertionError("验证部门预算功能配置必填项失败")
AssertionError: 验证部门预算功能配置必填项失败
</pre>
    </div>
    <!--css div popup end-->

    </td>
</tr>

<tr id='ft14.2' class='none'>
    <td class='errorCase'><div class='testcase'>test2_modify_functional</div></td>
    <td colspan='5' align='center'>

    <!--css div popup start-->
    <a class="popup_link" onfocus='this.blur();' href="javascript:showTestDetail('div_ft14.2')" >
        错误</a>

    <div id='div_ft14.2' class="popup_window">
        <pre>ft14.2: Traceback (most recent call last):
  File "W:\PycharmProjects\automation_fky\fky_testsuits\test18_functional_allocation.py", line 58, in test2_modify_functional
    function.click_xuan()
  File "W:\PycharmProjects\automation_fky\fky_pageobjects\functionalAllocation.py", line 87, in click_xuan
    if self.get_is_selecet(self.xuan_1) == 0:
  File "W:\PycharmProjects\automation_fky\framework\base_page.py", line 254, in get_is_selecet
    el = self.find_element(selector)
  File "W:\PycharmProjects\automation_fky\framework\base_page.py", line 125, in find_element
    raise TimeoutException(time_out_error)
selenium.common.exceptions.TimeoutException: Message: 定位元素超时，请尝试其他定位方式

</pre>
    </div>
    <!--css div popup end-->

    </td>
</tr>

<tr id='ft14.3' class='none'>
    <td class='errorCase'><div class='testcase'>test3_query_bumen</div></td>
    <td colspan='5' align='center'>

    <!--css div popup start-->
    <a class="popup_link" onfocus='this.blur();' href="javascript:showTestDetail('div_ft14.3')" >
        错误</a>

    <div id='div_ft14.3' class="popup_window">
        <pre>ft14.3: Traceback (most recent call last):
  File "W:\PycharmProjects\automation_fky\fky_testsuits\test18_functional_allocation.py", line 68, in test3_query_bumen
    function.click_zhankai()
  File "W:\PycharmProjects\automation_fky\fky_pageobjects\functionalAllocation.py", line 104, in click_zhankai
    self.clicked(self.zhankai)
  File "W:\PycharmProjects\automation_fky\framework\base_page.py", line 229, in clicked
    el = self.find_element(selector)
  File "W:\PycharmProjects\automation_fky\framework\base_page.py", line 125, in find_element
    raise TimeoutException(time_out_error)
selenium.common.exceptions.TimeoutException: Message: 定位元素超时，请尝试其他定位方式

</pre>
    </div>
    <!--css div popup end-->

    </td>
</tr>

<tr id='ft14.4' class='none'>
    <td class='errorCase'><div class='testcase'>test4_query_feiyong</div></td>
    <td colspan='5' align='center'>

    <!--css div popup start-->
    <a class="popup_link" onfocus='this.blur();' href="javascript:showTestDetail('div_ft14.4')" >
        错误</a>

    <div id='div_ft14.4' class="popup_window">
        <pre>ft14.4: Traceback (most recent call last):
  File "W:\PycharmProjects\automation_fky\fky_testsuits\test18_functional_allocation.py", line 80, in test4_query_feiyong
    function.click_zhankai()
  File "W:\PycharmProjects\automation_fky\fky_pageobjects\functionalAllocation.py", line 104, in click_zhankai
    self.clicked(self.zhankai)
  File "W:\PycharmProjects\automation_fky\framework\base_page.py", line 229, in clicked
    el = self.find_element(selector)
  File "W:\PycharmProjects\automation_fky\framework\base_page.py", line 125, in find_element
    raise TimeoutException(time_out_error)
selenium.common.exceptions.TimeoutException: Message: 定位元素超时，请尝试其他定位方式

</pre>
    </div>
    <!--css div popup end-->

    </td>
</tr>

<tr id='ft14.5' class='none'>
    <td class='errorCase'><div class='testcase'>test5_query_state</div></td>
    <td colspan='5' align='center'>

    <!--css div popup start-->
    <a class="popup_link" onfocus='this.blur();' href="javascript:showTestDetail('div_ft14.5')" >
        错误</a>

    <div id='div_ft14.5' class="popup_window">
        <pre>ft14.5: Traceback (most recent call last):
  File "W:\PycharmProjects\automation_fky\fky_testsuits\test18_functional_allocation.py", line 92, in test5_query_state
    function.click_zhankai()
  File "W:\PycharmProjects\automation_fky\fky_pageobjects\functionalAllocation.py", line 104, in click_zhankai
    self.clicked(self.zhankai)
  File "W:\PycharmProjects\automation_fky\framework\base_page.py", line 229, in clicked
    el = self.find_element(selector)
  File "W:\PycharmProjects\automation_fky\framework\base_page.py", line 125, in find_element
    raise TimeoutException(time_out_error)
selenium.common.exceptions.TimeoutException: Message: 定位元素超时，请尝试其他定位方式

</pre>
    </div>
    <!--css div popup end-->

    </td>
</tr>

<tr id='ft14.6' class='none'>
    <td class='errorCase'><div class='testcase'>test6_export_functional</div></td>
    <td colspan='5' align='center'>

    <!--css div popup start-->
    <a class="popup_link" onfocus='this.blur();' href="javascript:showTestDetail('div_ft14.6')" >
        错误</a>

    <div id='div_ft14.6' class="popup_window">
        <pre>ft14.6: Traceback (most recent call last):
  File "W:\PycharmProjects\automation_fky\fky_testsuits\test18_functional_allocation.py", line 104, in test6_export_functional
    function.click_export()
  File "W:\PycharmProjects\automation_fky\fky_pageobjects\functionalAllocation.py", line 140, in click_export
    self.clicked(self.export)
  File "W:\PycharmProjects\automation_fky\framework\base_page.py", line 229, in clicked
    el = self.find_element(selector)
  File "W:\PycharmProjects\automation_fky\framework\base_page.py", line 125, in find_element
    raise TimeoutException(time_out_error)
selenium.common.exceptions.TimeoutException: Message: 定位元素超时，请尝试其他定位方式

</pre>
    </div>
    <!--css div popup end-->

    </td>
</tr>

    <tr class='passClass'>
        <td>fky_testsuits.test19_page_field.DocumentPageField</td>
        <td>1</td>
        <td>1</td>
        <td>0</td>
        <td>0</td>
        <td><a href="javascript:showClassDetail('c15',1)">详情</a></td>
    </tr>

<tr id='pt15.1' class='hiddenRow'>
    <td class='none'><div class='testcase'>test01_page_field</div></td>
    <td colspan='5' align='center'>通过</td>
</tr>

    <tr class='passClass'>
        <td>fky_testsuits.test20_page_attachment.DocumentPageAttachment</td>
        <td>8</td>
        <td>8</td>
        <td>0</td>
        <td>0</td>
        <td><a href="javascript:showClassDetail('c16',8)">详情</a></td>
    </tr>

<tr id='pt16.1' class='hiddenRow'>
    <td class='none'><div class='testcase'>test1_verify_required_1</div></td>
    <td colspan='5' align='center'>通过</td>
</tr>

<tr id='pt16.2' class='hiddenRow'>
    <td class='none'><div class='testcase'>test2_verify_required_2</div></td>
    <td colspan='5' align='center'>通过</td>
</tr>

<tr id='pt16.3' class='hiddenRow'>
    <td class='none'><div class='testcase'>test3_add_fujianpeizhi</div></td>
    <td colspan='5' align='center'>通过</td>
</tr>

<tr id='pt16.4' class='hiddenRow'>
    <td class='none'><div class='testcase'>test4_modify_fujianpeizhi</div></td>
    <td colspan='5' align='center'>通过</td>
</tr>

<tr id='pt16.5' class='hiddenRow'>
    <td class='none'><div class='testcase'>test5_query_fjlx</div></td>
    <td colspan='5' align='center'>通过</td>
</tr>

<tr id='pt16.6' class='hiddenRow'>
    <td class='none'><div class='testcase'>test6_query_djlx</div></td>
    <td colspan='5' align='center'>通过</td>
</tr>

<tr id='pt16.7' class='hiddenRow'>
    <td class='none'><div class='testcase'>test7_query_state</div></td>
    <td colspan='5' align='center'>通过</td>
</tr>

<tr id='pt16.8' class='hiddenRow'>
    <td class='none'><div class='testcase'>test8_export_fujianpeizhi</div></td>
    <td colspan='5' align='center'>通过</td>
</tr>

    <tr class='errorClass'>
        <td>fky_testsuits.test21_project_list.Projectlist</td>
        <td>7</td>
        <td>0</td>
        <td>0</td>
        <td>7</td>
        <td><a href="javascript:showClassDetail('c17',7)">详情</a></td>
    </tr>

<tr id='ft17.1' class='none'>
    <td class='errorCase'><div class='testcase'>test1_add_project</div></td>
    <td colspan='5' align='center'>

    <!--css div popup start-->
    <a class="popup_link" onfocus='this.blur();' href="javascript:showTestDetail('div_ft17.1')" >
        错误</a>

    <div id='div_ft17.1' class="popup_window">
        <pre>ft17.1: 项目393
Traceback (most recent call last):
  File "W:\PycharmProjects\automation_fky\fky_testsuits\test21_project_list.py", line 43, in test1_add_project
    myapprove.xuanze_spr()
  File "W:\PycharmProjects\automation_fky\fky_pageobjects\myApprove.py", line 13, in xuanze_spr
    self.clicked(self.xuanzhespr)
  File "W:\PycharmProjects\automation_fky\framework\base_page.py", line 229, in clicked
    el = self.find_element(selector)
  File "W:\PycharmProjects\automation_fky\framework\base_page.py", line 125, in find_element
    raise TimeoutException(time_out_error)
selenium.common.exceptions.TimeoutException: Message: 定位元素超时，请尝试其他定位方式

</pre>
    </div>
    <!--css div popup end-->

    </td>
</tr>

<tr id='ft17.2' class='none'>
    <td class='errorCase'><div class='testcase'>test2_query_project</div></td>
    <td colspan='5' align='center'>

    <!--css div popup start-->
    <a class="popup_link" onfocus='this.blur();' href="javascript:showTestDetail('div_ft17.2')" >
        错误</a>

    <div id='div_ft17.2' class="popup_window">
        <pre>ft17.2: Traceback (most recent call last):
  File "W:\PycharmProjects\automation_fky\fky_testsuits\test21_project_list.py", line 70, in test2_query_project
    pj.click_chaxun(xmmc)
  File "W:\PycharmProjects\automation_fky\fky_pageobjects\projectList.py", line 144, in click_chaxun
    self.clicked(self.zhankai)
  File "W:\PycharmProjects\automation_fky\framework\base_page.py", line 229, in clicked
    el = self.find_element(selector)
  File "W:\PycharmProjects\automation_fky\framework\base_page.py", line 125, in find_element
    raise TimeoutException(time_out_error)
selenium.common.exceptions.TimeoutException: Message: 定位元素超时，请尝试其他定位方式

</pre>
    </div>
    <!--css div popup end-->

    </td>
</tr>

<tr id='ft17.3' class='none'>
    <td class='errorCase'><div class='testcase'>test3_jinyong_project</div></td>
    <td colspan='5' align='center'>

    <!--css div popup start-->
    <a class="popup_link" onfocus='this.blur();' href="javascript:showTestDetail('div_ft17.3')" >
        错误</a>

    <div id='div_ft17.3' class="popup_window">
        <pre>ft17.3: Traceback (most recent call last):
  File "W:\PycharmProjects\automation_fky\fky_testsuits\test21_project_list.py", line 83, in test3_jinyong_project
    pj.click_jingyong()
  File "W:\PycharmProjects\automation_fky\fky_pageobjects\projectList.py", line 158, in click_jingyong
    self.clicked(self.jingyong)
  File "W:\PycharmProjects\automation_fky\framework\base_page.py", line 229, in clicked
    el = self.find_element(selector)
  File "W:\PycharmProjects\automation_fky\framework\base_page.py", line 125, in find_element
    raise TimeoutException(time_out_error)
selenium.common.exceptions.TimeoutException: Message: 定位元素超时，请尝试其他定位方式

</pre>
    </div>
    <!--css div popup end-->

    </td>
</tr>

<tr id='ft17.4' class='none'>
    <td class='errorCase'><div class='testcase'>test4_qiyong_project</div></td>
    <td colspan='5' align='center'>

    <!--css div popup start-->
    <a class="popup_link" onfocus='this.blur();' href="javascript:showTestDetail('div_ft17.4')" >
        错误</a>

    <div id='div_ft17.4' class="popup_window">
        <pre>ft17.4: Traceback (most recent call last):
  File "W:\PycharmProjects\automation_fky\fky_testsuits\test21_project_list.py", line 94, in test4_qiyong_project
    pj.click_qiyong()
  File "W:\PycharmProjects\automation_fky\fky_pageobjects\projectList.py", line 165, in click_qiyong
    self.clicked(self.qiyong)
  File "W:\PycharmProjects\automation_fky\framework\base_page.py", line 229, in clicked
    el = self.find_element(selector)
  File "W:\PycharmProjects\automation_fky\framework\base_page.py", line 125, in find_element
    raise TimeoutException(time_out_error)
selenium.common.exceptions.TimeoutException: Message: 定位元素超时，请尝试其他定位方式

</pre>
    </div>
    <!--css div popup end-->

    </td>
</tr>

<tr id='ft17.5' class='none'>
    <td class='errorCase'><div class='testcase'>test5_modify_project</div></td>
    <td colspan='5' align='center'>

    <!--css div popup start-->
    <a class="popup_link" onfocus='this.blur();' href="javascript:showTestDetail('div_ft17.5')" >
        错误</a>

    <div id='div_ft17.5' class="popup_window">
        <pre>ft17.5: Traceback (most recent call last):
  File "W:\PycharmProjects\automation_fky\fky_testsuits\test21_project_list.py", line 107, in test5_modify_project
    pj.amend_projectList(xmmc1)
  File "W:\PycharmProjects\automation_fky\fky_pageobjects\projectList.py", line 172, in amend_projectList
    self.clicked(self.xiugai)
  File "W:\PycharmProjects\automation_fky\framework\base_page.py", line 229, in clicked
    el = self.find_element(selector)
  File "W:\PycharmProjects\automation_fky\framework\base_page.py", line 125, in find_element
    raise TimeoutException(time_out_error)
selenium.common.exceptions.TimeoutException: Message: 定位元素超时，请尝试其他定位方式

</pre>
    </div>
    <!--css div popup end-->

    </td>
</tr>

<tr id='ft17.6' class='none'>
    <td class='errorCase'><div class='testcase'>test6_import_project</div></td>
    <td colspan='5' align='center'>

    <!--css div popup start-->
    <a class="popup_link" onfocus='this.blur();' href="javascript:showTestDetail('div_ft17.6')" >
        错误</a>

    <div id='div_ft17.6' class="popup_window">
        <pre>ft17.6: Traceback (most recent call last):
  File "W:\PycharmProjects\automation_fky\fky_testsuits\test21_project_list.py", line 127, in test6_import_project
    pj.click_input()
  File "W:\PycharmProjects\automation_fky\fky_pageobjects\projectList.py", line 181, in click_input
    self.clicked(self.into)
  File "W:\PycharmProjects\automation_fky\framework\base_page.py", line 229, in clicked
    el = self.find_element(selector)
  File "W:\PycharmProjects\automation_fky\framework\base_page.py", line 125, in find_element
    raise TimeoutException(time_out_error)
selenium.common.exceptions.TimeoutException: Message: 定位元素超时，请尝试其他定位方式

</pre>
    </div>
    <!--css div popup end-->

    </td>
</tr>

<tr id='ft17.7' class='none'>
    <td class='errorCase'><div class='testcase'>test7_export_project</div></td>
    <td colspan='5' align='center'>

    <!--css div popup start-->
    <a class="popup_link" onfocus='this.blur();' href="javascript:showTestDetail('div_ft17.7')" >
        错误</a>

    <div id='div_ft17.7' class="popup_window">
        <pre>ft17.7: Traceback (most recent call last):
  File "W:\PycharmProjects\automation_fky\fky_testsuits\test21_project_list.py", line 140, in test7_export_project
    pj.click_export()
  File "W:\PycharmProjects\automation_fky\fky_pageobjects\projectList.py", line 194, in click_export
    self.clicked(self.export)
  File "W:\PycharmProjects\automation_fky\framework\base_page.py", line 229, in clicked
    el = self.find_element(selector)
  File "W:\PycharmProjects\automation_fky\framework\base_page.py", line 125, in find_element
    raise TimeoutException(time_out_error)
selenium.common.exceptions.TimeoutException: Message: 定位元素超时，请尝试其他定位方式

</pre>
    </div>
    <!--css div popup end-->

    </td>
</tr>

    <tr class='errorClass'>
        <td>fky_testsuits.test22_contract_management.Contract</td>
        <td>7</td>
        <td>5</td>
        <td>1</td>
        <td>1</td>
        <td><a href="javascript:showClassDetail('c18',7)">详情</a></td>
    </tr>

<tr id='pt18.1' class='hiddenRow'>
    <td class='none'><div class='testcase'>test2_jinyong_contract</div></td>
    <td colspan='5' align='center'>通过</td>
</tr>

<tr id='pt18.2' class='hiddenRow'>
    <td class='none'><div class='testcase'>test3_qiyong_contract</div></td>
    <td colspan='5' align='center'>

    <!--css div popup start-->
    <a class="popup_link" onfocus='this.blur();' href="javascript:showTestDetail('div_pt18.2')" >
        通过</a>

    <div id='div_pt18.2' class="popup_window">
        <pre>pt18.2: --- Logging error ---
Traceback (most recent call last):
  File "W:\PycharmProjects\automation_fky\fky_testsuits\test22_contract_management.py", line 62, in test3_qiyong_contract
    self.assertEqual("正常",ht.gain_contractState()[0])
  File "C:\Users\Kejie\AppData\Local\Programs\Python\Python37\lib\unittest\case.py", line 839, in assertEqual
    assertion_func(first, second, msg=msg)
  File "C:\Users\Kejie\AppData\Local\Programs\Python\Python37\lib\unittest\case.py", line 1220, in assertMultiLineEqual
    self.fail(self._formatMessage(msg, standardMsg))
  File "C:\Users\Kejie\AppData\Local\Programs\Python\Python37\lib\unittest\case.py", line 680, in fail
    raise self.failureException(msg)
AssertionError: '正常' != '启用'
- 正常
+ 启用


During handling of the above exception, another exception occurred:

Traceback (most recent call last):
  File "C:\Users\Kejie\AppData\Local\Programs\Python\Python37\lib\logging\__init__.py", line 1034, in emit
    msg = self.format(record)
  File "C:\Users\Kejie\AppData\Local\Programs\Python\Python37\lib\logging\__init__.py", line 880, in format
    return fmt.format(record)
  File "C:\Users\Kejie\AppData\Local\Programs\Python\Python37\lib\logging\__init__.py", line 619, in format
    record.message = record.getMessage()
  File "C:\Users\Kejie\AppData\Local\Programs\Python\Python37\lib\logging\__init__.py", line 380, in getMessage
    msg = msg % self.args
TypeError: not all arguments converted during string formatting
Call stack:
  File "W:/PycharmProjects/automation_fky/fky_testsuits/TestRunner.py", line 27, in &lt;module&gt;
    runner.run(suite)
  File "C:\Users\Kejie\AppData\Local\Programs\Python\Python37\lib\site-packages\HTMLTestRunner_PY3.py", line 721, in run
    test(result)
  File "C:\Users\Kejie\AppData\Local\Programs\Python\Python37\lib\unittest\suite.py", line 84, in __call__
    return self.run(*args, **kwds)
  File "C:\Users\Kejie\AppData\Local\Programs\Python\Python37\lib\unittest\suite.py", line 122, in run
    test(result)
  File "C:\Users\Kejie\AppData\Local\Programs\Python\Python37\lib\unittest\suite.py", line 84, in __call__
    return self.run(*args, **kwds)
  File "C:\Users\Kejie\AppData\Local\Programs\Python\Python37\lib\unittest\suite.py", line 122, in run
    test(result)
  File "C:\Users\Kejie\AppData\Local\Programs\Python\Python37\lib\unittest\suite.py", line 84, in __call__
    return self.run(*args, **kwds)
  File "C:\Users\Kejie\AppData\Local\Programs\Python\Python37\lib\unittest\suite.py", line 122, in run
    test(result)
  File "C:\Users\Kejie\AppData\Local\Programs\Python\Python37\lib\unittest\case.py", line 663, in __call__
    return self.run(*args, **kwds)
  File "C:\Users\Kejie\AppData\Local\Programs\Python\Python37\lib\unittest\case.py", line 615, in run
    testMethod()
  File "W:\PycharmProjects\automation_fky\fky_testsuits\test22_contract_management.py", line 65, in test3_qiyong_contract
    logger.error("启用合同失败！", e)
Message: '启用合同失败！'
Arguments: (AssertionError("'正常' != '启用'\n- 正常\n+ 启用\n"),)
--- Logging error ---
Traceback (most recent call last):
  File "W:\PycharmProjects\automation_fky\fky_testsuits\test22_contract_management.py", line 62, in test3_qiyong_contract
    self.assertEqual("正常",ht.gain_contractState()[0])
  File "C:\Users\Kejie\AppData\Local\Programs\Python\Python37\lib\unittest\case.py", line 839, in assertEqual
    assertion_func(first, second, msg=msg)
  File "C:\Users\Kejie\AppData\Local\Programs\Python\Python37\lib\unittest\case.py", line 1220, in assertMultiLineEqual
    self.fail(self._formatMessage(msg, standardMsg))
  File "C:\Users\Kejie\AppData\Local\Programs\Python\Python37\lib\unittest\case.py", line 680, in fail
    raise self.failureException(msg)
AssertionError: '正常' != '启用'
- 正常
+ 启用


During handling of the above exception, another exception occurred:

Traceback (most recent call last):
  File "C:\Users\Kejie\AppData\Local\Programs\Python\Python37\lib\logging\__init__.py", line 1034, in emit
    msg = self.format(record)
  File "C:\Users\Kejie\AppData\Local\Programs\Python\Python37\lib\logging\__init__.py", line 880, in format
    return fmt.format(record)
  File "C:\Users\Kejie\AppData\Local\Programs\Python\Python37\lib\logging\__init__.py", line 619, in format
    record.message = record.getMessage()
  File "C:\Users\Kejie\AppData\Local\Programs\Python\Python37\lib\logging\__init__.py", line 380, in getMessage
    msg = msg % self.args
TypeError: not all arguments converted during string formatting
Call stack:
  File "W:/PycharmProjects/automation_fky/fky_testsuits/TestRunner.py", line 27, in &lt;module&gt;
    runner.run(suite)
  File "C:\Users\Kejie\AppData\Local\Programs\Python\Python37\lib\site-packages\HTMLTestRunner_PY3.py", line 721, in run
    test(result)
  File "C:\Users\Kejie\AppData\Local\Programs\Python\Python37\lib\unittest\suite.py", line 84, in __call__
    return self.run(*args, **kwds)
  File "C:\Users\Kejie\AppData\Local\Programs\Python\Python37\lib\unittest\suite.py", line 122, in run
    test(result)
  File "C:\Users\Kejie\AppData\Local\Programs\Python\Python37\lib\unittest\suite.py", line 84, in __call__
    return self.run(*args, **kwds)
  File "C:\Users\Kejie\AppData\Local\Programs\Python\Python37\lib\unittest\suite.py", line 122, in run
    test(result)
  File "C:\Users\Kejie\AppData\Local\Programs\Python\Python37\lib\unittest\suite.py", line 84, in __call__
    return self.run(*args, **kwds)
  File "C:\Users\Kejie\AppData\Local\Programs\Python\Python37\lib\unittest\suite.py", line 122, in run
    test(result)
  File "C:\Users\Kejie\AppData\Local\Programs\Python\Python37\lib\unittest\case.py", line 663, in __call__
    return self.run(*args, **kwds)
  File "C:\Users\Kejie\AppData\Local\Programs\Python\Python37\lib\unittest\case.py", line 615, in run
    testMethod()
  File "W:\PycharmProjects\automation_fky\fky_testsuits\test22_contract_management.py", line 65, in test3_qiyong_contract
    logger.error("启用合同失败！", e)
Message: '启用合同失败！'
Arguments: (AssertionError("'正常' != '启用'\n- 正常\n+ 启用\n"),)
</pre>
    </div>
    <!--css div popup end-->

    </td>
</tr>

<tr id='pt18.3' class='hiddenRow'>
    <td class='none'><div class='testcase'>test5_query_htbh</div></td>
    <td colspan='5' align='center'>通过</td>
</tr>

<tr id='ft18.4' class='none'>
    <td class='failCase'><div class='testcase'>test6_query_htmc</div></td>
    <td colspan='5' align='center'>

    <!--css div popup start-->
    <a class="popup_link" onfocus='this.blur();' href="javascript:showTestDetail('div_ft18.4')" >
        失败</a>

    <div id='div_ft18.4' class="popup_window">
        <pre>ft18.4: Traceback (most recent call last):
  File "W:\PycharmProjects\automation_fky\fky_testsuits\test22_contract_management.py", line 100, in test6_query_htmc
    self.assertEqual(htmc, htmc_1, "按合同名称查询合同失败！")
AssertionError: '测试合同4111' != '111'
- 测试合同4111
+ 111
 : 按合同名称查询合同失败！
</pre>
    </div>
    <!--css div popup end-->

    </td>
</tr>

<tr id='ft18.5' class='none'>
    <td class='errorCase'><div class='testcase'>test7_query_htzt</div></td>
    <td colspan='5' align='center'>

    <!--css div popup start-->
    <a class="popup_link" onfocus='this.blur();' href="javascript:showTestDetail('div_ft18.5')" >
        错误</a>

    <div id='div_ft18.5' class="popup_window">
        <pre>ft18.5: Traceback (most recent call last):
  File "W:\PycharmProjects\automation_fky\fky_testsuits\test22_contract_management.py", line 108, in test7_query_htzt
    ht.select_sr_htzt(htzt_1)
  File "W:\PycharmProjects\automation_fky\fky_pageobjects\contractManagement.py", line 151, in select_sr_htzt
    self.select_text(self.sr_htzt, htzt)
  File "W:\PycharmProjects\automation_fky\framework\base_page.py", line 296, in select_text
    el.select_by_visible_text(text)
  File "C:\Users\Kejie\AppData\Local\Programs\Python\Python37\lib\site-packages\selenium\webdriver\support\select.py", line 140, in select_by_visible_text
    raise NoSuchElementException("Could not locate element with visible text: %s" % text)
selenium.common.exceptions.NoSuchElementException: Message: Could not locate element with visible text: 启用

</pre>
    </div>
    <!--css div popup end-->

    </td>
</tr>

<tr id='pt18.6' class='hiddenRow'>
    <td class='none'><div class='testcase'>test8_import_contract</div></td>
    <td colspan='5' align='center'>通过</td>
</tr>

<tr id='pt18.7' class='hiddenRow'>
    <td class='none'><div class='testcase'>test9_export_contract</div></td>
    <td colspan='5' align='center'>通过</td>
</tr>

    <tr class='passClass'>
        <td>fky_testsuits.test23_customers_management.Customersmanagement</td>
        <td>7</td>
        <td>7</td>
        <td>0</td>
        <td>0</td>
        <td><a href="javascript:showClassDetail('c19',7)">详情</a></td>
    </tr>

<tr id='pt19.1' class='hiddenRow'>
    <td class='none'><div class='testcase'>test1_add_customers</div></td>
    <td colspan='5' align='center'>通过</td>
</tr>

<tr id='pt19.2' class='hiddenRow'>
    <td class='none'><div class='testcase'>test2_query_customers</div></td>
    <td colspan='5' align='center'>通过</td>
</tr>

<tr id='pt19.3' class='hiddenRow'>
    <td class='none'><div class='testcase'>test3_jinyong_customers</div></td>
    <td colspan='5' align='center'>通过</td>
</tr>

<tr id='pt19.4' class='hiddenRow'>
    <td class='none'><div class='testcase'>test4_qiyong_customers</div></td>
    <td colspan='5' align='center'>通过</td>
</tr>

<tr id='pt19.5' class='hiddenRow'>
    <td class='none'><div class='testcase'>test5_modify_customers</div></td>
    <td colspan='5' align='center'>通过</td>
</tr>

<tr id='pt19.6' class='hiddenRow'>
    <td class='none'><div class='testcase'>test6_import_customers</div></td>
    <td colspan='5' align='center'>通过</td>
</tr>

<tr id='pt19.7' class='hiddenRow'>
    <td class='none'><div class='testcase'>test7_export_customers</div></td>
    <td colspan='5' align='center'>通过</td>
</tr>

    <tr class='passClass'>
        <td>fky_testsuits.test24_procedural_model.ProcedModel</td>
        <td>12</td>
        <td>12</td>
        <td>0</td>
        <td>0</td>
        <td><a href="javascript:showClassDetail('c20',12)">详情</a></td>
    </tr>

<tr id='pt20.1' class='hiddenRow'>
    <td class='none'><div class='testcase'>test01_into_lcgl</div></td>
    <td colspan='5' align='center'>通过</td>
</tr>

<tr id='pt20.2' class='hiddenRow'>
    <td class='none'><div class='testcase'>test02_query_daiban</div></td>
    <td colspan='5' align='center'>通过</td>
</tr>

<tr id='pt20.3' class='hiddenRow'>
    <td class='none'><div class='testcase'>test03_query_daiban</div></td>
    <td colspan='5' align='center'>通过</td>
</tr>

<tr id='pt20.4' class='hiddenRow'>
    <td class='none'><div class='testcase'>test04_query_daiban</div></td>
    <td colspan='5' align='center'>通过</td>
</tr>

<tr id='pt20.5' class='hiddenRow'>
    <td class='none'><div class='testcase'>test05_query_daiban</div></td>
    <td colspan='5' align='center'>通过</td>
</tr>

<tr id='pt20.6' class='hiddenRow'>
    <td class='none'><div class='testcase'>test06_query_faqi</div></td>
    <td colspan='5' align='center'>通过</td>
</tr>

<tr id='pt20.7' class='hiddenRow'>
    <td class='none'><div class='testcase'>test07_query_faqi</div></td>
    <td colspan='5' align='center'>通过</td>
</tr>

<tr id='pt20.8' class='hiddenRow'>
    <td class='none'><div class='testcase'>test08_query_faqi</div></td>
    <td colspan='5' align='center'>通过</td>
</tr>

<tr id='pt20.9' class='hiddenRow'>
    <td class='none'><div class='testcase'>test09_query_splc</div></td>
    <td colspan='5' align='center'>通过</td>
</tr>

<tr id='pt20.10' class='hiddenRow'>
    <td class='none'><div class='testcase'>test10_query_splc</div></td>
    <td colspan='5' align='center'>通过</td>
</tr>

<tr id='pt20.11' class='hiddenRow'>
    <td class='none'><div class='testcase'>test11_query_splc</div></td>
    <td colspan='5' align='center'>通过</td>
</tr>

<tr id='pt20.12' class='hiddenRow'>
    <td class='none'><div class='testcase'>test12_query_splc</div></td>
    <td colspan='5' align='center'>通过</td>
</tr>

    <tr class='errorClass'>
        <td>fky_testsuits.test25_loan_application.LoanApplicat</td>
        <td>7</td>
        <td>2</td>
        <td>0</td>
        <td>5</td>
        <td><a href="javascript:showClassDetail('c21',7)">详情</a></td>
    </tr>

<tr id='pt21.1' class='hiddenRow'>
    <td class='none'><div class='testcase'>test01_add_jiekuan</div></td>
    <td colspan='5' align='center'>通过</td>
</tr>

<tr id='pt21.2' class='hiddenRow'>
    <td class='none'><div class='testcase'>test02_add_jiekuan</div></td>
    <td colspan='5' align='center'>通过</td>
</tr>

<tr id='ft21.3' class='none'>
    <td class='errorCase'><div class='testcase'>test03_caiwuzhifu</div></td>
    <td colspan='5' align='center'>

    <!--css div popup start-->
    <a class="popup_link" onfocus='this.blur();' href="javascript:showTestDetail('div_ft21.3')" >
        错误</a>

    <div id='div_ft21.3' class="popup_window">
        <pre>ft21.3: Traceback (most recent call last):
  File "W:\PycharmProjects\automation_fky\fky_testsuits\test25_loan_application.py", line 87, in test03_caiwuzhifu
    danju_list = cwzf.get_danjubianhao_list()
  File "W:\PycharmProjects\automation_fky\fky_pageobjects\financialPayment.py", line 23, in get_danjubianhao_list
    return self.get_texts(self.danjubh)
  File "W:\PycharmProjects\automation_fky\framework\base_page.py", line 439, in get_texts
    els = self.find_elements(selector)
  File "W:\PycharmProjects\automation_fky\framework\base_page.py", line 181, in find_elements
    raise TimeoutException(time_out_error)
selenium.common.exceptions.TimeoutException: Message: 定位元素超时，请尝试其他定位方式

</pre>
    </div>
    <!--css div popup end-->

    </td>
</tr>

<tr id='ft21.4' class='none'>
    <td class='errorCase'><div class='testcase'>test03_huankuan</div></td>
    <td colspan='5' align='center'>

    <!--css div popup start-->
    <a class="popup_link" onfocus='this.blur();' href="javascript:showTestDetail('div_ft21.4')" >
        错误</a>

    <div id='div_ft21.4' class="popup_window">
        <pre>ft21.4: Traceback (most recent call last):
  File "W:\PycharmProjects\automation_fky\fky_testsuits\test25_loan_application.py", line 109, in test03_huankuan
    state_list = hk.get_dj_state()
  File "W:\PycharmProjects\automation_fky\fky_pageobjects\loanApplication.py", line 94, in get_dj_state
    return self.get_texts(self.dj_state)
  File "W:\PycharmProjects\automation_fky\framework\base_page.py", line 439, in get_texts
    els = self.find_elements(selector)
  File "W:\PycharmProjects\automation_fky\framework\base_page.py", line 181, in find_elements
    raise TimeoutException(time_out_error)
selenium.common.exceptions.TimeoutException: Message: 定位元素超时，请尝试其他定位方式

</pre>
    </div>
    <!--css div popup end-->

    </td>
</tr>

<tr id='ft21.5' class='none'>
    <td class='errorCase'><div class='testcase'>test04_export</div></td>
    <td colspan='5' align='center'>

    <!--css div popup start-->
    <a class="popup_link" onfocus='this.blur();' href="javascript:showTestDetail('div_ft21.5')" >
        错误</a>

    <div id='div_ft21.5' class="popup_window">
        <pre>ft21.5: Traceback (most recent call last):
  File "W:\PycharmProjects\automation_fky\fky_testsuits\test25_loan_application.py", line 188, in test04_export
    jk.click_export()
  File "W:\PycharmProjects\automation_fky\fky_pageobjects\loanApplication.py", line 162, in click_export
    self.clicked(self.export_btn)
  File "W:\PycharmProjects\automation_fky\framework\base_page.py", line 229, in clicked
    el = self.find_element(selector)
  File "W:\PycharmProjects\automation_fky\framework\base_page.py", line 125, in find_element
    raise TimeoutException(time_out_error)
selenium.common.exceptions.TimeoutException: Message: 定位元素超时，请尝试其他定位方式

</pre>
    </div>
    <!--css div popup end-->

    </td>
</tr>

<tr id='ft21.6' class='none'>
    <td class='errorCase'><div class='testcase'>test05_query_shiyou</div></td>
    <td colspan='5' align='center'>

    <!--css div popup start-->
    <a class="popup_link" onfocus='this.blur();' href="javascript:showTestDetail('div_ft21.6')" >
        错误</a>

    <div id='div_ft21.6' class="popup_window">
        <pre>ft21.6: Traceback (most recent call last):
  File "W:\PycharmProjects\automation_fky\fky_testsuits\test25_loan_application.py", line 203, in test05_query_shiyou
    n = random.randint(1, len(jk.get_shiyou_list())) - 1
  File "W:\PycharmProjects\automation_fky\fky_pageobjects\loanApplication.py", line 82, in get_shiyou_list
    return self.get_texts(self.shiyou_list)
  File "W:\PycharmProjects\automation_fky\framework\base_page.py", line 439, in get_texts
    els = self.find_elements(selector)
  File "W:\PycharmProjects\automation_fky\framework\base_page.py", line 181, in find_elements
    raise TimeoutException(time_out_error)
selenium.common.exceptions.TimeoutException: Message: 定位元素超时，请尝试其他定位方式

</pre>
    </div>
    <!--css div popup end-->

    </td>
</tr>

<tr id='ft21.7' class='none'>
    <td class='errorCase'><div class='testcase'>test06_query_state</div></td>
    <td colspan='5' align='center'>

    <!--css div popup start-->
    <a class="popup_link" onfocus='this.blur();' href="javascript:showTestDetail('div_ft21.7')" >
        错误</a>

    <div id='div_ft21.7' class="popup_window">
        <pre>ft21.7: Traceback (most recent call last):
  File "W:\PycharmProjects\automation_fky\fky_testsuits\test25_loan_application.py", line 217, in test06_query_state
    n = random.randint(1, len(jk.get_dj_state())) - 1
  File "W:\PycharmProjects\automation_fky\fky_pageobjects\loanApplication.py", line 94, in get_dj_state
    return self.get_texts(self.dj_state)
  File "W:\PycharmProjects\automation_fky\framework\base_page.py", line 439, in get_texts
    els = self.find_elements(selector)
  File "W:\PycharmProjects\automation_fky\framework\base_page.py", line 181, in find_elements
    raise TimeoutException(time_out_error)
selenium.common.exceptions.TimeoutException: Message: 定位元素超时，请尝试其他定位方式

</pre>
    </div>
    <!--css div popup end-->

    </td>
</tr>

    <tr class='errorClass'>
        <td>fky_testsuits.test26_financial_payment.Payment</td>
        <td>3</td>
        <td>0</td>
        <td>0</td>
        <td>3</td>
        <td><a href="javascript:showClassDetail('c22',3)">详情</a></td>
    </tr>

<tr id='ft22.1' class='none'>
    <td class='errorCase'><div class='testcase'>test01_query_sker</div></td>
    <td colspan='5' align='center'>

    <!--css div popup start-->
    <a class="popup_link" onfocus='this.blur();' href="javascript:showTestDetail('div_ft22.1')" >
        错误</a>

    <div id='div_ft22.1' class="popup_window">
        <pre>ft22.1: Traceback (most recent call last):
  File "W:\PycharmProjects\automation_fky\fky_testsuits\test26_financial_payment.py", line 36, in test01_query_sker
    n = random.randint(1, len(cwzf.get_sker_list())) - 1
  File "W:\PycharmProjects\automation_fky\fky_pageobjects\financialPayment.py", line 47, in get_sker_list
    return self.get_texts(self.sker)
  File "W:\PycharmProjects\automation_fky\framework\base_page.py", line 439, in get_texts
    els = self.find_elements(selector)
  File "W:\PycharmProjects\automation_fky\framework\base_page.py", line 181, in find_elements
    raise TimeoutException(time_out_error)
selenium.common.exceptions.TimeoutException: Message: 定位元素超时，请尝试其他定位方式

</pre>
    </div>
    <!--css div popup end-->

    </td>
</tr>

<tr id='ft22.2' class='none'>
    <td class='errorCase'><div class='testcase'>test02_query_type</div></td>
    <td colspan='5' align='center'>

    <!--css div popup start-->
    <a class="popup_link" onfocus='this.blur();' href="javascript:showTestDetail('div_ft22.2')" >
        错误</a>

    <div id='div_ft22.2' class="popup_window">
        <pre>ft22.2: Traceback (most recent call last):
  File "W:\PycharmProjects\automation_fky\fky_testsuits\test26_financial_payment.py", line 50, in test02_query_type
    n = random.randint(1, len(cwzf.get_dj_type())) - 1
  File "W:\PycharmProjects\automation_fky\fky_pageobjects\financialPayment.py", line 51, in get_dj_type
    return self.get_texts(self.dj_type)
  File "W:\PycharmProjects\automation_fky\framework\base_page.py", line 439, in get_texts
    els = self.find_elements(selector)
  File "W:\PycharmProjects\automation_fky\framework\base_page.py", line 181, in find_elements
    raise TimeoutException(time_out_error)
selenium.common.exceptions.TimeoutException: Message: 定位元素超时，请尝试其他定位方式

</pre>
    </div>
    <!--css div popup end-->

    </td>
</tr>

<tr id='ft22.3' class='none'>
    <td class='errorCase'><div class='testcase'>test03_export</div></td>
    <td colspan='5' align='center'>

    <!--css div popup start-->
    <a class="popup_link" onfocus='this.blur();' href="javascript:showTestDetail('div_ft22.3')" >
        错误</a>

    <div id='div_ft22.3' class="popup_window">
        <pre>ft22.3: Traceback (most recent call last):
  File "W:\PycharmProjects\automation_fky\fky_testsuits\test26_financial_payment.py", line 64, in test03_export
    cwzf.click_queding()
  File "W:\PycharmProjects\automation_fky\fky_pageobjects\financialPayment.py", line 36, in click_queding
    self.clicked(self.queding)
  File "W:\PycharmProjects\automation_fky\framework\base_page.py", line 232, in clicked
    el.click()
  File "C:\Users\Kejie\AppData\Local\Programs\Python\Python37\lib\site-packages\selenium\webdriver\remote\webelement.py", line 80, in click
    self._execute(Command.CLICK_ELEMENT)
  File "C:\Users\Kejie\AppData\Local\Programs\Python\Python37\lib\site-packages\selenium\webdriver\remote\webelement.py", line 633, in _execute
    return self._parent.execute(command, params)
  File "C:\Users\Kejie\AppData\Local\Programs\Python\Python37\lib\site-packages\selenium\webdriver\remote\webdriver.py", line 321, in execute
    self.error_handler.check_response(response)
  File "C:\Users\Kejie\AppData\Local\Programs\Python\Python37\lib\site-packages\selenium\webdriver\remote\errorhandler.py", line 242, in check_response
    raise exception_class(message, screen, stacktrace)
selenium.common.exceptions.ElementNotVisibleException: Message: element not interactable
  (Session info: chrome=74.0.3729.131)
  (Driver info: chromedriver=2.46.628402 (536cd7adbad73a3783fdc2cab92ab2ba7ec361e1),platform=Windows NT 10.0.17763 x86_64)

</pre>
    </div>
    <!--css div popup end-->

    </td>
</tr>

    <tr class='errorClass'>
        <td>fky_testsuits.test31_spending_subtotal.SpendSubtotal</td>
        <td>2</td>
        <td>0</td>
        <td>0</td>
        <td>2</td>
        <td><a href="javascript:showClassDetail('c23',2)">详情</a></td>
    </tr>

<tr id='ft23.1' class='none'>
    <td class='errorCase'><div class='testcase'>test01_yanzheng_btx</div></td>
    <td colspan='5' align='center'>

    <!--css div popup start-->
    <a class="popup_link" onfocus='this.blur();' href="javascript:showTestDetail('div_ft23.1')" >
        错误</a>

    <div id='div_ft23.1' class="popup_window">
        <pre>ft23.1: Traceback (most recent call last):
  File "W:\PycharmProjects\automation_fky\fky_testsuits\test31_spending_subtotal.py", line 35, in test01_yanzheng_btx
    spend.click_add()
  File "W:\PycharmProjects\automation_fky\fky_pageobjects\spendingSubtotal.py", line 20, in click_add
    self.clicked(self.add_btn)
  File "W:\PycharmProjects\automation_fky\framework\base_page.py", line 229, in clicked
    el = self.find_element(selector)
  File "W:\PycharmProjects\automation_fky\framework\base_page.py", line 125, in find_element
    raise TimeoutException(time_out_error)
selenium.common.exceptions.TimeoutException: Message: 定位元素超时，请尝试其他定位方式

</pre>
    </div>
    <!--css div popup end-->

    </td>
</tr>

<tr id='ft23.2' class='none'>
    <td class='errorCase'><div class='testcase'>test02_zcxj_save</div></td>
    <td colspan='5' align='center'>

    <!--css div popup start-->
    <a class="popup_link" onfocus='this.blur();' href="javascript:showTestDetail('div_ft23.2')" >
        错误</a>

    <div id='div_ft23.2' class="popup_window">
        <pre>ft23.2: Traceback (most recent call last):
  File "W:\PycharmProjects\automation_fky\fky_testsuits\test31_spending_subtotal.py", line 43, in test02_zcxj_save
    spend.click_add()
  File "W:\PycharmProjects\automation_fky\fky_pageobjects\spendingSubtotal.py", line 20, in click_add
    self.clicked(self.add_btn)
  File "W:\PycharmProjects\automation_fky\framework\base_page.py", line 229, in clicked
    el = self.find_element(selector)
  File "W:\PycharmProjects\automation_fky\framework\base_page.py", line 125, in find_element
    raise TimeoutException(time_out_error)
selenium.common.exceptions.TimeoutException: Message: 定位元素超时，请尝试其他定位方式

</pre>
    </div>
    <!--css div popup end-->

    </td>
</tr>

    <tr class='errorClass'>
        <td>fky_testsuits.test32_expenses_requisition.ExpenseRequisition</td>
        <td>8</td>
        <td>0</td>
        <td>1</td>
        <td>7</td>
        <td><a href="javascript:showClassDetail('c24',8)">详情</a></td>
    </tr>

<tr id='ft24.1' class='none'>
    <td class='failCase'><div class='testcase'>test01_rcsq_btzd</div></td>
    <td colspan='5' align='center'>

    <!--css div popup start-->
    <a class="popup_link" onfocus='this.blur();' href="javascript:showTestDetail('div_ft24.1')" >
        失败</a>

    <div id='div_ft24.1' class="popup_window">
        <pre>ft24.1: Traceback (most recent call last):
  File "W:\PycharmProjects\automation_fky\fky_testsuits\test32_expenses_requisition.py", line 39, in test01_rcsq_btzd
    self.assertEqual("该字段为必填字段", expenses.get_zdbt(), "验证必填字段失败！")
AssertionError: '该字段为必填字段' != ''
- 该字段为必填字段
+ 
 : 验证必填字段失败！
</pre>
    </div>
    <!--css div popup end-->

    </td>
</tr>

<tr id='ft24.2' class='none'>
    <td class='errorCase'><div class='testcase'>test02_submit_rcsq</div></td>
    <td colspan='5' align='center'>

    <!--css div popup start-->
    <a class="popup_link" onfocus='this.blur();' href="javascript:showTestDetail('div_ft24.2')" >
        错误</a>

    <div id='div_ft24.2' class="popup_window">
        <pre>ft24.2: Traceback (most recent call last):
  File "W:\PycharmProjects\automation_fky\fky_testsuits\test32_expenses_requisition.py", line 46, in test02_submit_rcsq
    expenses.click_add_rcsq()
  File "W:\PycharmProjects\automation_fky\fky_pageobjects\expensesRequisition.py", line 18, in click_add_rcsq
    self.clicked(self.rcsq)
  File "W:\PycharmProjects\automation_fky\framework\base_page.py", line 229, in clicked
    el = self.find_element(selector)
  File "W:\PycharmProjects\automation_fky\framework\base_page.py", line 125, in find_element
    raise TimeoutException(time_out_error)
selenium.common.exceptions.TimeoutException: Message: 定位元素超时，请尝试其他定位方式

</pre>
    </div>
    <!--css div popup end-->

    </td>
</tr>

<tr id='ft24.3' class='none'>
    <td class='errorCase'><div class='testcase'>test03_save_rcsq</div></td>
    <td colspan='5' align='center'>

    <!--css div popup start-->
    <a class="popup_link" onfocus='this.blur();' href="javascript:showTestDetail('div_ft24.3')" >
        错误</a>

    <div id='div_ft24.3' class="popup_window">
        <pre>ft24.3: Traceback (most recent call last):
  File "W:\PycharmProjects\automation_fky\fky_testsuits\test32_expenses_requisition.py", line 90, in test03_save_rcsq
    expenses.click_add_rcsq()
  File "W:\PycharmProjects\automation_fky\fky_pageobjects\expensesRequisition.py", line 18, in click_add_rcsq
    self.clicked(self.rcsq)
  File "W:\PycharmProjects\automation_fky\framework\base_page.py", line 229, in clicked
    el = self.find_element(selector)
  File "W:\PycharmProjects\automation_fky\framework\base_page.py", line 125, in find_element
    raise TimeoutException(time_out_error)
selenium.common.exceptions.TimeoutException: Message: 定位元素超时，请尝试其他定位方式

</pre>
    </div>
    <!--css div popup end-->

    </td>
</tr>

<tr id='ft24.4' class='none'>
    <td class='errorCase'><div class='testcase'>test04_edit_rcsq</div></td>
    <td colspan='5' align='center'>

    <!--css div popup start-->
    <a class="popup_link" onfocus='this.blur();' href="javascript:showTestDetail('div_ft24.4')" >
        错误</a>

    <div id='div_ft24.4' class="popup_window">
        <pre>ft24.4: Traceback (most recent call last):
  File "W:\PycharmProjects\automation_fky\fky_testsuits\test32_expenses_requisition.py", line 110, in test04_edit_rcsq
    state_list = expenses.get_dj_state()
  File "W:\PycharmProjects\automation_fky\fky_pageobjects\expensesRequisition.py", line 157, in get_dj_state
    self.select_tiaoshu_200()
  File "W:\PycharmProjects\automation_fky\fky_pageobjects\expensesRequisition.py", line 119, in select_tiaoshu_200
    self.select_text(self.shiyou_tiaoshu, '200')
  File "W:\PycharmProjects\automation_fky\framework\base_page.py", line 294, in select_text
    el = Select(self.find_element(selector))
  File "W:\PycharmProjects\automation_fky\framework\base_page.py", line 125, in find_element
    raise TimeoutException(time_out_error)
selenium.common.exceptions.TimeoutException: Message: 定位元素超时，请尝试其他定位方式

</pre>
    </div>
    <!--css div popup end-->

    </td>
</tr>

<tr id='ft24.5' class='none'>
    <td class='errorCase'><div class='testcase'>test05_del_cgdj</div></td>
    <td colspan='5' align='center'>

    <!--css div popup start-->
    <a class="popup_link" onfocus='this.blur();' href="javascript:showTestDetail('div_ft24.5')" >
        错误</a>

    <div id='div_ft24.5' class="popup_window">
        <pre>ft24.5: Traceback (most recent call last):
  File "W:\PycharmProjects\automation_fky\fky_testsuits\test32_expenses_requisition.py", line 138, in test05_del_cgdj
    state_list = expenses.get_dj_state()
  File "W:\PycharmProjects\automation_fky\fky_pageobjects\expensesRequisition.py", line 157, in get_dj_state
    self.select_tiaoshu_200()
  File "W:\PycharmProjects\automation_fky\fky_pageobjects\expensesRequisition.py", line 119, in select_tiaoshu_200
    self.select_text(self.shiyou_tiaoshu, '200')
  File "W:\PycharmProjects\automation_fky\framework\base_page.py", line 294, in select_text
    el = Select(self.find_element(selector))
  File "W:\PycharmProjects\automation_fky\framework\base_page.py", line 125, in find_element
    raise TimeoutException(time_out_error)
selenium.common.exceptions.TimeoutException: Message: 定位元素超时，请尝试其他定位方式

</pre>
    </div>
    <!--css div popup end-->

    </td>
</tr>

<tr id='ft24.6' class='none'>
    <td class='errorCase'><div class='testcase'>test06_query_djbh</div></td>
    <td colspan='5' align='center'>

    <!--css div popup start-->
    <a class="popup_link" onfocus='this.blur();' href="javascript:showTestDetail('div_ft24.6')" >
        错误</a>

    <div id='div_ft24.6' class="popup_window">
        <pre>ft24.6: Traceback (most recent call last):
  File "W:\PycharmProjects\automation_fky\fky_testsuits\test32_expenses_requisition.py", line 160, in test06_query_djbh
    expenses.click_clear()
  File "W:\PycharmProjects\automation_fky\fky_pageobjects\expensesRequisition.py", line 200, in click_clear
    self.click_zhankai()
  File "W:\PycharmProjects\automation_fky\fky_pageobjects\expensesRequisition.py", line 181, in click_zhankai
    self.clicked(self.zhankai)
  File "W:\PycharmProjects\automation_fky\framework\base_page.py", line 229, in clicked
    el = self.find_element(selector)
  File "W:\PycharmProjects\automation_fky\framework\base_page.py", line 125, in find_element
    raise TimeoutException(time_out_error)
selenium.common.exceptions.TimeoutException: Message: 定位元素超时，请尝试其他定位方式

</pre>
    </div>
    <!--css div popup end-->

    </td>
</tr>

<tr id='ft24.7' class='none'>
    <td class='errorCase'><div class='testcase'>test07_query_djzt</div></td>
    <td colspan='5' align='center'>

    <!--css div popup start-->
    <a class="popup_link" onfocus='this.blur();' href="javascript:showTestDetail('div_ft24.7')" >
        错误</a>

    <div id='div_ft24.7' class="popup_window">
        <pre>ft24.7: Traceback (most recent call last):
  File "W:\PycharmProjects\automation_fky\fky_testsuits\test32_expenses_requisition.py", line 182, in test07_query_djzt
    expenses.click_clear()
  File "W:\PycharmProjects\automation_fky\fky_pageobjects\expensesRequisition.py", line 200, in click_clear
    self.click_zhankai()
  File "W:\PycharmProjects\automation_fky\fky_pageobjects\expensesRequisition.py", line 181, in click_zhankai
    self.clicked(self.zhankai)
  File "W:\PycharmProjects\automation_fky\framework\base_page.py", line 229, in clicked
    el = self.find_element(selector)
  File "W:\PycharmProjects\automation_fky\framework\base_page.py", line 125, in find_element
    raise TimeoutException(time_out_error)
selenium.common.exceptions.TimeoutException: Message: 定位元素超时，请尝试其他定位方式

</pre>
    </div>
    <!--css div popup end-->

    </td>
</tr>

<tr id='ft24.8' class='none'>
    <td class='errorCase'><div class='testcase'>test07_query_shiyou</div></td>
    <td colspan='5' align='center'>

    <!--css div popup start-->
    <a class="popup_link" onfocus='this.blur();' href="javascript:showTestDetail('div_ft24.8')" >
        错误</a>

    <div id='div_ft24.8' class="popup_window">
        <pre>ft24.8: Traceback (most recent call last):
  File "W:\PycharmProjects\automation_fky\fky_testsuits\test32_expenses_requisition.py", line 171, in test07_query_shiyou
    expenses.click_clear()
  File "W:\PycharmProjects\automation_fky\fky_pageobjects\expensesRequisition.py", line 200, in click_clear
    self.click_zhankai()
  File "W:\PycharmProjects\automation_fky\fky_pageobjects\expensesRequisition.py", line 181, in click_zhankai
    self.clicked(self.zhankai)
  File "W:\PycharmProjects\automation_fky\framework\base_page.py", line 229, in clicked
    el = self.find_element(selector)
  File "W:\PycharmProjects\automation_fky\framework\base_page.py", line 125, in find_element
    raise TimeoutException(time_out_error)
selenium.common.exceptions.TimeoutException: Message: 定位元素超时，请尝试其他定位方式

</pre>
    </div>
    <!--css div popup end-->

    </td>
</tr>

        <tr id='total_row'>
            <td>总计</td>
            <td>133</td>
            <td>95</td>
            <td>3</td>
            <td>35</td>
            <td>&nbsp;</td>
        </tr>
    </table>

        <div id='ending'>&nbsp;</div>
        
    <script type="text/javascript">
        // 基于准备好的dom，初始化echarts实例
        var myChart = echarts.init(document.getElementById('chart'));

        // 指定图表的配置项和数据
        var option = {
            title : {
                text: '测试执行情况',
                x:'center'
            },
            tooltip : {
                trigger: 'item',
                formatter: "{a} <br/>{b} : {c} ({d}%)"
            },
            color: ['#5cb85c', 'grey', '#d9534f'],
            legend: {
                orient: 'vertical',
                left: 'left',
                data: ['通过','失败','错误']
            },
            series : [
                {
                    name: '测试执行情况',
                    type: 'pie',
                    radius : '60%',
                    center: ['50%', '60%'],
                    data:[
                        {value:95, name:'通过'},
                        {value:3, name:'失败'},
                        {value:35, name:'错误'}
                    ],
                    itemStyle: {
                        emphasis: {
                            shadowBlur: 10,
                            shadowOffsetX: 0,
                            shadowColor: 'rgba(0, 0, 0, 0.5)'
                        }
                    }
                }
            ]
        };

        // 使用刚指定的配置项和数据显示图表。
        myChart.setOption(option);
    </script>
    
    </div>
</body>
</html>
